[xsun042@node01 Project1]$ ./p1

==================
Random data generated
------------------
dgemm0, when n = 64
performace: 0.433982 Gflops
timespec is 0 s 1208088 ns
------------------
dgemm1, when n = 64
performace: 0.433687 Gflops
timespec is 0 s 1208909 ns
------------------
dgemm2, when n = 64
performace: 1.231619 Gflops
timespec is 0 s 425690 ns
------------------
dgemm3, when n = 64
performace: 1.301845 Gflops
timespec is 0 s 402727 ns
------------------
c1 output checked when n = 64
c2 output checked when n = 64
c3 output checked when n = 64

==================
Random data generated
------------------
dgemm0, when n = 128
performace: 0.608903 Gflops
timespec is 0 s 6888297 ns
------------------
dgemm1, when n = 128
performace: 0.855531 Gflops
timespec is 0 s 4902573 ns
------------------
dgemm2, when n = 128
performace: 2.184182 Gflops
timespec is 0 s 1920309 ns
------------------
dgemm3, when n = 128
performace: 2.503464 Gflops
timespec is 0 s 1675400 ns
------------------
c1 output checked when n = 128
c2 output checked when n = 128
c3 output checked when n = 128

==================
Random data generated
------------------
dgemm0, when n = 256
performace: 0.811220 Gflops
timespec is 0 s 41362947 ns
------------------
dgemm1, when n = 256
performace: 0.810835 Gflops
timespec is 0 s 41382542 ns
------------------
dgemm2, when n = 256
performace: 2.104851 Gflops
timespec is 0 s 15941476 ns
------------------
dgemm3, when n = 256
performace: 2.325595 Gflops
timespec is 0 s 14428323 ns
------------------
c1 output checked when n = 256
c2 output checked when n = 256
c3 output checked when n = 256

==================
Random data generated
------------------
dgemm0, when n = 512
performace: 0.181608 Gflops
timespec is 1 s 478103541 ns
------------------
dgemm1, when n = 512
performace: 0.181525 Gflops
timespec is 1 s 478776023 ns
------------------
dgemm2, when n = 512
performace: 0.748304 Gflops
timespec is 0 s 358725055 ns
------------------
dgemm3, when n = 512
performace: 1.119609 Gflops
timespec is 0 s 239758191 ns
------------------
c1 output checked when n = 512
c2 output checked when n = 512
c3 output checked when n = 512

==================
Random data generated
------------------
dgemm0, when n = 1024
performace: 0.146671 Gflops
timespec is 14 s 641516616 ns
------------------
dgemm1, when n = 1024
performace: 0.146077 Gflops
timespec is 14 s 701070373 ns
------------------
dgemm2, when n = 1024
performace: 0.618112 Gflops
timespec is 3 s 474260636 ns
------------------
dgemm3, when n = 1024
performace: 1.039772 Gflops
timespec is 2 s 65340753 ns
------------------
c1 output checked when n = 1024
c2 output checked when n = 1024
c3 output checked when n = 1024

==================
Random data generated
------------------
dgemm0, when n = 2048
performace: 0.000000 Gflops
timespec is 295 s 153714539 ns
------------------
dgemm1, when n = 2048
performace: 0.000000 Gflops
timespec is 396 s 522616174 ns
------------------
dgemm2, when n = 2048
performace: 0.000000 Gflops
timespec is 107 s 750129999 ns
------------------
dgemm3, when n = 2048
performace: 0.000000 Gflops
timespec is 50 s 473699474 ns
------------------
c1 output checked when n = 2048
c2 output checked when n = 2048
c3 output checked when n = 2048
